# JRE version: OpenJDK Runtime Environment (11.0.2+9) (build 11.0.2+9)
# Java VM: OpenJDK 64-Bit Server VM (11.0.2+9, mixed mode, tiered, compressed oops, g1 gc, windows-amd64)
Heap:
 garbage-first heap   total 522240K, used 230239K [0x0000000603e00000, 0x0000000800000000)
  region size 2048K, 101 young (206848K), 11 survivors (22528K)
 Metaspace       used 68751K, capacity 71895K, committed 72144K, reserved 1112064K
  class space    used 9017K, capacity 10408K, committed 10492K, reserved 1048576K
GC Heap History (10 events):
Event: 5.214 GC heap before
{Heap before GC invocations=5 (full 0):
 garbage-first heap   total 522240K, used 62696K [0x0000000603e00000, 0x0000000800000000)
  region size 2048K, 28 young (57344K), 4 survivors (8192K)
 Metaspace       used 48157K, capacity 50145K, committed 50384K, reserved 1091584K
  class space    used 6524K, capacity 7394K, committed 7420K, reserved 1048576K
}
Event: 5.231 GC heap after
{Heap after GC invocations=6 (full 0):
 garbage-first heap   total 522240K, used 20268K [0x0000000603e00000, 0x0000000800000000)
  region size 2048K, 3 young (6144K), 3 survivors (6144K)
 Metaspace       used 48157K, capacity 50145K, committed 50384K, reserved 1091584K
  class space    used 6524K, capacity 7394K, committed 7420K, reserved 1048576K
}
Event: 7.556 GC heap before
{Heap before GC invocations=7 (full 0):
 garbage-first heap   total 522240K, used 112428K [0x0000000603e00000, 0x0000000800000000)
  region size 2048K, 47 young (96256K), 3 survivors (6144K)
 Metaspace       used 54064K, capacity 56516K, committed 56784K, reserved 1097728K
  class space    used 7284K, capacity 8329K, committed 8444K, reserved 1048576K
}
Event: 7.565 GC heap after
{Heap after GC invocations=8 (full 0):
 garbage-first heap   total 522240K, used 26776K [0x0000000603e00000, 0x0000000800000000)
  region size 2048K, 5 young (10240K), 5 survivors (10240K)
 Metaspace       used 54064K, capacity 56516K, committed 56784K, reserved 1097728K
  class space    used 7284K, capacity 8329K, committed 8444K, reserved 1048576K
}
Event: 8.067 GC heap before
{Heap before GC invocations=8 (full 0):
 garbage-first heap   total 522240K, used 168088K [0x0000000603e00000, 0x0000000800000000)
  region size 2048K, 76 young (155648K), 5 survivors (10240K)
 Metaspace       used 55256K, capacity 57722K, committed 57936K, reserved 1099776K
  class space    used 7435K, capacity 8498K, committed 8572K, reserved 1048576K
}
Event: 8.078 GC heap after
{Heap after GC invocations=9 (full 0):
 garbage-first heap   total 522240K, used 31337K [0x0000000603e00000, 0x0000000800000000)
  region size 2048K, 7 young (14336K), 7 survivors (14336K)
 Metaspace       used 55256K, capacity 57722K, committed 57936K, reserved 1099776K
  class space    used 7435K, capacity 8498K, committed 8572K, reserved 1048576K
}
Event: 8.716 GC heap before
{Heap before GC invocations=9 (full 0):
 garbage-first heap   total 522240K, used 219753K [0x0000000603e00000, 0x0000000800000000)
  region size 2048K, 100 young (204800K), 7 survivors (14336K)
 Metaspace       used 57329K, capacity 59905K, committed 59984K, reserved 1099776K
  class space    used 7680K, capacity 8796K, committed 8828K, reserved 1048576K
}
Event: 8.733 GC heap after
{Heap after GC invocations=10 (full 0):
 garbage-first heap   total 522240K, used 43695K [0x0000000603e00000, 0x0000000800000000)
  region size 2048K, 11 young (22528K), 11 survivors (22528K)
 Metaspace       used 57329K, capacity 59905K, committed 59984K, reserved 1099776K
  class space    used 7680K, capacity 8796K, committed 8828K, reserved 1048576K
}
Event: 10.469 GC heap before
{Heap before GC invocations=10 (full 0):
 garbage-first heap   total 522240K, used 330415K [0x0000000603e00000, 0x0000000800000000)
  region size 2048K, 152 young (311296K), 11 survivors (22528K)
 Metaspace       used 64476K, capacity 67116K, committed 67280K, reserved 1107968K
  class space    used 8469K, capacity 9614K, committed 9724K, reserved 1048576K
}
Event: 10.488 GC heap after
{Heap after GC invocations=11 (full 0):
 garbage-first heap   total 522240K, used 47967K [0x0000000603e00000, 0x0000000800000000)
  region size 2048K, 11 young (22528K), 11 survivors (22528K)
 Metaspace       used 64476K, capacity 67116K, committed 67280K, reserved 1107968K
  class space    used 8469K, capacity 9614K, committed 9724K, reserved 1048576K
}

